c:\users\achal\desktop\jk\project4 -292190387\mockchannel\debug\vc140.pdb
c:\users\achal\desktop\jk\project4 -292190387\mockchannel\debug\vc140.idb
c:\users\achal\desktop\jk\project4 -292190387\mockchannel\debug\client1.obj
c:\users\achal\desktop\jk\project4 -292190387\mockchannel\debug\filemgr.obj
c:\users\achal\desktop\jk\project4 -292190387\mockchannel\debug\filesystem.obj
c:\users\achal\desktop\jk\project4 -292190387\mockchannel\debug\httpmessage.obj
c:\users\achal\desktop\jk\project4 -292190387\mockchannel\debug\logger.obj
c:\users\achal\desktop\jk\project4 -292190387\mockchannel\debug\metadatafactory.obj
c:\users\achal\desktop\jk\project4 -292190387\mockchannel\debug\receiver.obj
c:\users\achal\desktop\jk\project4 -292190387\mockchannel\debug\sender.obj
c:\users\achal\desktop\jk\project4 -292190387\mockchannel\debug\sockets.obj
c:\users\achal\desktop\jk\project4 -292190387\mockchannel\debug\utilities.obj
c:\users\achal\desktop\jk\project4 -292190387\mockchannel\debug\windowshelpers.obj
c:\users\achal\desktop\jk\project4 -292190387\mockchannel\debug\xmldocument.obj
c:\users\achal\desktop\jk\project4 -292190387\mockchannel\debug\tokenizer.obj
c:\users\achal\desktop\jk\project4 -292190387\mockchannel\debug\xmlelementparts.obj
c:\users\achal\desktop\jk\project4 -292190387\mockchannel\debug\xmlelement.obj
c:\users\achal\desktop\jk\project4 -292190387\mockchannel\debug\xmlparser.obj
c:\users\achal\desktop\jk\project4 -292190387\mockchannel\debug\cpp11-blockingqueue.obj
c:\users\achal\desktop\jk\project4 -292190387\mockchannel\debug\mockchannel.obj
c:\users\achal\desktop\jk\project4 -292190387\debug\mockchannel.ilk
c:\users\achal\desktop\jk\project4 -292190387\debug\mockchannel.dll
c:\users\achal\desktop\jk\project4 -292190387\debug\mockchannel.pdb
c:\users\achal\desktop\jk\project4 -292190387\debug\mockchannel.lib
c:\users\achal\desktop\jk\project4 -292190387\debug\mockchannel.exp
c:\users\achal\desktop\jk\project4 -292190387\mockchannel\debug\mockchannel.tlog\cl.command.1.tlog
c:\users\achal\desktop\jk\project4 -292190387\mockchannel\debug\mockchannel.tlog\cl.read.1.tlog
c:\users\achal\desktop\jk\project4 -292190387\mockchannel\debug\mockchannel.tlog\cl.write.1.tlog
c:\users\achal\desktop\jk\project4 -292190387\mockchannel\debug\mockchannel.tlog\link.command.1.tlog
c:\users\achal\desktop\jk\project4 -292190387\mockchannel\debug\mockchannel.tlog\link.read.1.tlog
c:\users\achal\desktop\jk\project4 -292190387\mockchannel\debug\mockchannel.tlog\link.write.1.tlog
c:\users\achal\desktop\jk\project4 -292190387\mockchannel\debug\mockchannel.tlog\mockchannel.write.1u.tlog
