c:\users\achal\desktop\jk\project4 -292190387\server\debug\vc140.pdb
c:\users\achal\desktop\jk\project4 -292190387\server\debug\vc140.idb
c:\users\achal\desktop\jk\project4 -292190387\server\debug\cpp11-blockingqueue.obj
c:\users\achal\desktop\jk\project4 -292190387\server\debug\filemgr.obj
c:\users\achal\desktop\jk\project4 -292190387\server\debug\filesystem.obj
c:\users\achal\desktop\jk\project4 -292190387\server\debug\httpmessage.obj
c:\users\achal\desktop\jk\project4 -292190387\server\debug\logger.obj
c:\users\achal\desktop\jk\project4 -292190387\server\debug\metadatafactory.obj
c:\users\achal\desktop\jk\project4 -292190387\server\debug\receiver.obj
c:\users\achal\desktop\jk\project4 -292190387\server\debug\sender.obj
c:\users\achal\desktop\jk\project4 -292190387\server\debug\sockets.obj
c:\users\achal\desktop\jk\project4 -292190387\server\debug\utilities.obj
c:\users\achal\desktop\jk\project4 -292190387\server\debug\xmldocument.obj
c:\users\achal\desktop\jk\project4 -292190387\server\debug\tokenizer.obj
c:\users\achal\desktop\jk\project4 -292190387\server\debug\xmlelementparts.obj
c:\users\achal\desktop\jk\project4 -292190387\server\debug\xmlelement.obj
c:\users\achal\desktop\jk\project4 -292190387\server\debug\xmlparser.obj
c:\users\achal\desktop\jk\project4 -292190387\server\debug\server.obj
c:\users\achal\desktop\jk\project4 -292190387\debug\server.ilk
c:\users\achal\desktop\jk\project4 -292190387\debug\server.exe
c:\users\achal\desktop\jk\project4 -292190387\debug\server.pdb
c:\users\achal\desktop\jk\project4 -292190387\server\debug\server.tlog\cl.command.1.tlog
c:\users\achal\desktop\jk\project4 -292190387\server\debug\server.tlog\cl.read.1.tlog
c:\users\achal\desktop\jk\project4 -292190387\server\debug\server.tlog\cl.write.1.tlog
c:\users\achal\desktop\jk\project4 -292190387\server\debug\server.tlog\link.command.1.tlog
c:\users\achal\desktop\jk\project4 -292190387\server\debug\server.tlog\link.read.1.tlog
c:\users\achal\desktop\jk\project4 -292190387\server\debug\server.tlog\link.write.1.tlog
