c:\users\achal\desktop\jk\project4 -292190387\client1\debug\vc140.pdb
c:\users\achal\desktop\jk\project4 -292190387\client1\debug\vc140.idb
c:\users\achal\desktop\jk\project4 -292190387\client1\debug\cpp11-blockingqueue.obj
c:\users\achal\desktop\jk\project4 -292190387\client1\debug\filemgr.obj
c:\users\achal\desktop\jk\project4 -292190387\client1\debug\filesystem.obj
c:\users\achal\desktop\jk\project4 -292190387\client1\debug\httpmessage.obj
c:\users\achal\desktop\jk\project4 -292190387\client1\debug\logger.obj
c:\users\achal\desktop\jk\project4 -292190387\client1\debug\metadatafactory.obj
c:\users\achal\desktop\jk\project4 -292190387\client1\debug\receiver.obj
c:\users\achal\desktop\jk\project4 -292190387\client1\debug\sender.obj
c:\users\achal\desktop\jk\project4 -292190387\client1\debug\sockets.obj
c:\users\achal\desktop\jk\project4 -292190387\client1\debug\utilities.obj
c:\users\achal\desktop\jk\project4 -292190387\client1\debug\xmldocument.obj
c:\users\achal\desktop\jk\project4 -292190387\client1\debug\tokenizer.obj
c:\users\achal\desktop\jk\project4 -292190387\client1\debug\xmlelementparts.obj
c:\users\achal\desktop\jk\project4 -292190387\client1\debug\xmlelement.obj
c:\users\achal\desktop\jk\project4 -292190387\client1\debug\xmlparser.obj
c:\users\achal\desktop\jk\project4 -292190387\client1\debug\client1.obj
c:\users\achal\desktop\jk\project4 -292190387\debug\client1.ilk
c:\users\achal\desktop\jk\project4 -292190387\debug\client1.exe
c:\users\achal\desktop\jk\project4 -292190387\debug\client1.pdb
c:\users\achal\desktop\jk\project4 -292190387\client1\debug\client1.tlog\cl.command.1.tlog
c:\users\achal\desktop\jk\project4 -292190387\client1\debug\client1.tlog\cl.read.1.tlog
c:\users\achal\desktop\jk\project4 -292190387\client1\debug\client1.tlog\cl.write.1.tlog
c:\users\achal\desktop\jk\project4 -292190387\client1\debug\client1.tlog\link.command.1.tlog
c:\users\achal\desktop\jk\project4 -292190387\client1\debug\client1.tlog\link.read.1.tlog
c:\users\achal\desktop\jk\project4 -292190387\client1\debug\client1.tlog\link.write.1.tlog
