c:\users\achal\desktop\jk\project4 -292190387\receiver\debug\vc140.pdb
c:\users\achal\desktop\jk\project4 -292190387\receiver\debug\vc140.idb
c:\users\achal\desktop\jk\project4 -292190387\receiver\debug\cpp11-blockingqueue.obj
c:\users\achal\desktop\jk\project4 -292190387\receiver\debug\filesystem.obj
c:\users\achal\desktop\jk\project4 -292190387\receiver\debug\httpmessage.obj
c:\users\achal\desktop\jk\project4 -292190387\receiver\debug\logger.obj
c:\users\achal\desktop\jk\project4 -292190387\receiver\debug\metadatafactory.obj
c:\users\achal\desktop\jk\project4 -292190387\receiver\debug\sockets.obj
c:\users\achal\desktop\jk\project4 -292190387\receiver\debug\utilities.obj
c:\users\achal\desktop\jk\project4 -292190387\receiver\debug\xmldocument.obj
c:\users\achal\desktop\jk\project4 -292190387\receiver\debug\tokenizer.obj
c:\users\achal\desktop\jk\project4 -292190387\receiver\debug\xmlelementparts.obj
c:\users\achal\desktop\jk\project4 -292190387\receiver\debug\xmlelement.obj
c:\users\achal\desktop\jk\project4 -292190387\receiver\debug\xmlparser.obj
c:\users\achal\desktop\jk\project4 -292190387\receiver\debug\receiver.obj
c:\users\achal\desktop\jk\project4 -292190387\debug\receiver.ilk
c:\users\achal\desktop\jk\project4 -292190387\debug\receiver.exe
c:\users\achal\desktop\jk\project4 -292190387\debug\receiver.pdb
c:\users\achal\desktop\jk\project4 -292190387\receiver\debug\receiver.tlog\cl.command.1.tlog
c:\users\achal\desktop\jk\project4 -292190387\receiver\debug\receiver.tlog\cl.read.1.tlog
c:\users\achal\desktop\jk\project4 -292190387\receiver\debug\receiver.tlog\cl.write.1.tlog
c:\users\achal\desktop\jk\project4 -292190387\receiver\debug\receiver.tlog\link.command.1.tlog
c:\users\achal\desktop\jk\project4 -292190387\receiver\debug\receiver.tlog\link.read.1.tlog
c:\users\achal\desktop\jk\project4 -292190387\receiver\debug\receiver.tlog\link.write.1.tlog
